{"D:\\Documents\\GitHub\\CRUD_Epood\\backend\\src\\controllers\\cartController.js": {"path":"D:\\Documents\\GitHub\\CRUD_Epood\\backend\\src\\controllers\\cartController.js","statementMap":{"0":{"start":{"line":4,"column":26},"end":{"line":13,"column":1}},"1":{"start":{"line":5,"column":4},"end":{"line":12,"column":5}},"2":{"start":{"line":6,"column":21},"end":{"line":6,"column":51}},"3":{"start":{"line":8,"column":8},"end":{"line":8,"column":35}},"4":{"start":{"line":10,"column":8},"end":{"line":10,"column":57}},"5":{"start":{"line":11,"column":8},"end":{"line":11,"column":58}},"6":{"start":{"line":15,"column":23},"end":{"line":30,"column":1}},"7":{"start":{"line":16,"column":4},"end":{"line":29,"column":5}},"8":{"start":{"line":17,"column":23},"end":{"line":17,"column":36}},"9":{"start":{"line":18,"column":21},"end":{"line":18,"column":54}},"10":{"start":{"line":20,"column":8},"end":{"line":22,"column":9}},"11":{"start":{"line":21,"column":12},"end":{"line":21,"column":75}},"12":{"start":{"line":25,"column":8},"end":{"line":25,"column":35}},"13":{"start":{"line":27,"column":8},"end":{"line":27,"column":59}},"14":{"start":{"line":28,"column":8},"end":{"line":28,"column":58}},"15":{"start":{"line":33,"column":32},"end":{"line":51,"column":1}},"16":{"start":{"line":34,"column":4},"end":{"line":50,"column":5}},"17":{"start":{"line":35,"column":23},"end":{"line":35,"column":36}},"18":{"start":{"line":36,"column":40},"end":{"line":36,"column":48}},"19":{"start":{"line":38,"column":8},"end":{"line":40,"column":9}},"20":{"start":{"line":39,"column":12},"end":{"line":39,"column":88}},"21":{"start":{"line":42,"column":8},"end":{"line":42,"column":66}},"22":{"start":{"line":45,"column":21},"end":{"line":45,"column":54}},"23":{"start":{"line":46,"column":8},"end":{"line":46,"column":35}},"24":{"start":{"line":48,"column":8},"end":{"line":48,"column":64}},"25":{"start":{"line":49,"column":8},"end":{"line":49,"column":58}},"26":{"start":{"line":53,"column":24},"end":{"line":63,"column":1}},"27":{"start":{"line":54,"column":4},"end":{"line":62,"column":5}},"28":{"start":{"line":55,"column":27},"end":{"line":55,"column":37}},"29":{"start":{"line":57,"column":8},"end":{"line":57,"column":62}},"30":{"start":{"line":59,"column":8},"end":{"line":59,"column":67}},"31":{"start":{"line":61,"column":8},"end":{"line":61,"column":57}},"32":{"start":{"line":65,"column":30},"end":{"line":85,"column":1}},"33":{"start":{"line":66,"column":2},"end":{"line":84,"column":3}},"34":{"start":{"line":67,"column":34},"end":{"line":67,"column":44}},"35":{"start":{"line":70,"column":20},"end":{"line":75,"column":6}},"36":{"start":{"line":77,"column":0},"end":{"line":79,"column":5}},"37":{"start":{"line":78,"column":6},"end":{"line":78,"column":68}},"38":{"start":{"line":80,"column":4},"end":{"line":80,"column":58}},"39":{"start":{"line":82,"column":4},"end":{"line":82,"column":46}},"40":{"start":{"line":83,"column":4},"end":{"line":83,"column":51}},"41":{"start":{"line":87,"column":38},"end":{"line":108,"column":1}},"42":{"start":{"line":88,"column":2},"end":{"line":107,"column":3}},"43":{"start":{"line":89,"column":34},"end":{"line":89,"column":44}},"44":{"start":{"line":90,"column":25},"end":{"line":90,"column":33}},"45":{"start":{"line":92,"column":17},"end":{"line":94,"column":6}},"46":{"start":{"line":96,"column":4},"end":{"line":98,"column":5}},"47":{"start":{"line":97,"column":6},"end":{"line":97,"column":67}},"48":{"start":{"line":100,"column":4},"end":{"line":100,"column":29}},"49":{"start":{"line":101,"column":4},"end":{"line":101,"column":22}},"50":{"start":{"line":103,"column":4},"end":{"line":103,"column":57}},"51":{"start":{"line":105,"column":4},"end":{"line":105,"column":45}},"52":{"start":{"line":106,"column":4},"end":{"line":106,"column":51}}},"fnMap":{"0":{"name":"(anonymous_0)","decl":{"start":{"line":4,"column":26},"end":{"line":4,"column":27}},"loc":{"start":{"line":4,"column":46},"end":{"line":13,"column":1}},"line":4},"1":{"name":"(anonymous_1)","decl":{"start":{"line":15,"column":23},"end":{"line":15,"column":24}},"loc":{"start":{"line":15,"column":43},"end":{"line":30,"column":1}},"line":15},"2":{"name":"(anonymous_2)","decl":{"start":{"line":33,"column":32},"end":{"line":33,"column":33}},"loc":{"start":{"line":33,"column":52},"end":{"line":51,"column":1}},"line":33},"3":{"name":"(anonymous_3)","decl":{"start":{"line":53,"column":24},"end":{"line":53,"column":25}},"loc":{"start":{"line":53,"column":44},"end":{"line":63,"column":1}},"line":53},"4":{"name":"(anonymous_4)","decl":{"start":{"line":65,"column":30},"end":{"line":65,"column":31}},"loc":{"start":{"line":65,"column":50},"end":{"line":85,"column":1}},"line":65},"5":{"name":"(anonymous_5)","decl":{"start":{"line":87,"column":38},"end":{"line":87,"column":39}},"loc":{"start":{"line":87,"column":58},"end":{"line":108,"column":1}},"line":87}},"branchMap":{"0":{"loc":{"start":{"line":20,"column":8},"end":{"line":22,"column":9}},"type":"if","locations":[{"start":{"line":20,"column":8},"end":{"line":22,"column":9}},{"start":{},"end":{}}],"line":20},"1":{"loc":{"start":{"line":38,"column":8},"end":{"line":40,"column":9}},"type":"if","locations":[{"start":{"line":38,"column":8},"end":{"line":40,"column":9}},{"start":{},"end":{}}],"line":38},"2":{"loc":{"start":{"line":38,"column":12},"end":{"line":38,"column":39}},"type":"binary-expr","locations":[{"start":{"line":38,"column":12},"end":{"line":38,"column":22}},{"start":{"line":38,"column":26},"end":{"line":38,"column":39}}],"line":38},"3":{"loc":{"start":{"line":77,"column":0},"end":{"line":79,"column":5}},"type":"if","locations":[{"start":{"line":77,"column":0},"end":{"line":79,"column":5}},{"start":{},"end":{}}],"line":77},"4":{"loc":{"start":{"line":96,"column":4},"end":{"line":98,"column":5}},"type":"if","locations":[{"start":{"line":96,"column":4},"end":{"line":98,"column":5}},{"start":{},"end":{}}],"line":96}},"s":{"0":0,"1":0,"2":0,"3":0,"4":0,"5":0,"6":0,"7":0,"8":0,"9":0,"10":0,"11":0,"12":0,"13":0,"14":0,"15":0,"16":0,"17":0,"18":0,"19":0,"20":0,"21":0,"22":0,"23":0,"24":0,"25":0,"26":0,"27":0,"28":0,"29":0,"30":0,"31":0,"32":0,"33":0,"34":0,"35":0,"36":0,"37":0,"38":0,"39":0,"40":0,"41":0,"42":0,"43":0,"44":0,"45":0,"46":0,"47":0,"48":0,"49":0,"50":0,"51":0,"52":0},"f":{"0":0,"1":0,"2":0,"3":0,"4":0,"5":0},"b":{"0":[0,0],"1":[0,0],"2":[0,0],"3":[0,0],"4":[0,0]},"inputSourceMap":null}
,"D:\\Documents\\GitHub\\CRUD_Epood\\backend\\src\\controllers\\productController.js": {"path":"D:\\Documents\\GitHub\\CRUD_Epood\\backend\\src\\controllers\\productController.js","statementMap":{"0":{"start":{"line":5,"column":27},"end":{"line":13,"column":1}},"1":{"start":{"line":6,"column":2},"end":{"line":12,"column":3}},"2":{"start":{"line":7,"column":21},"end":{"line":7,"column":58}},"3":{"start":{"line":8,"column":4},"end":{"line":8,"column":35}},"4":{"start":{"line":10,"column":4},"end":{"line":10,"column":53}},"5":{"start":{"line":11,"column":4},"end":{"line":11,"column":54}},"6":{"start":{"line":15,"column":29},"end":{"line":37,"column":1}},"7":{"start":{"line":16,"column":2},"end":{"line":36,"column":3}},"8":{"start":{"line":17,"column":35},"end":{"line":17,"column":43}},"9":{"start":{"line":20,"column":20},"end":{"line":24,"column":6}},"10":{"start":{"line":27,"column":15},"end":{"line":27,"column":38}},"11":{"start":{"line":28,"column":4},"end":{"line":30,"column":5}},"12":{"start":{"line":29,"column":6},"end":{"line":29,"column":79}},"13":{"start":{"line":32,"column":4},"end":{"line":32,"column":34}},"14":{"start":{"line":34,"column":4},"end":{"line":34,"column":49}},"15":{"start":{"line":35,"column":4},"end":{"line":35,"column":51}},"16":{"start":{"line":39,"column":29},"end":{"line":46,"column":1}},"17":{"start":{"line":40,"column":2},"end":{"line":45,"column":3}},"18":{"start":{"line":41,"column":4},"end":{"line":41,"column":54}},"19":{"start":{"line":42,"column":4},"end":{"line":42,"column":27}},"20":{"start":{"line":44,"column":4},"end":{"line":44,"column":53}}},"fnMap":{"0":{"name":"(anonymous_0)","decl":{"start":{"line":5,"column":27},"end":{"line":5,"column":28}},"loc":{"start":{"line":5,"column":47},"end":{"line":13,"column":1}},"line":5},"1":{"name":"(anonymous_1)","decl":{"start":{"line":15,"column":29},"end":{"line":15,"column":30}},"loc":{"start":{"line":15,"column":49},"end":{"line":37,"column":1}},"line":15},"2":{"name":"(anonymous_2)","decl":{"start":{"line":39,"column":29},"end":{"line":39,"column":30}},"loc":{"start":{"line":39,"column":49},"end":{"line":46,"column":1}},"line":39}},"branchMap":{"0":{"loc":{"start":{"line":23,"column":13},"end":{"line":23,"column":26}},"type":"binary-expr","locations":[{"start":{"line":23,"column":13},"end":{"line":23,"column":18}},{"start":{"line":23,"column":22},"end":{"line":23,"column":26}}],"line":23},"1":{"loc":{"start":{"line":28,"column":4},"end":{"line":30,"column":5}},"type":"if","locations":[{"start":{"line":28,"column":4},"end":{"line":30,"column":5}},{"start":{},"end":{}}],"line":28}},"s":{"0":0,"1":0,"2":0,"3":0,"4":0,"5":0,"6":0,"7":0,"8":0,"9":0,"10":0,"11":0,"12":0,"13":0,"14":0,"15":0,"16":0,"17":0,"18":0,"19":0,"20":0},"f":{"0":0,"1":0,"2":0},"b":{"0":[0,0],"1":[0,0]},"inputSourceMap":null}
,"D:\\Documents\\GitHub\\CRUD_Epood\\backend\\src\\models\\Cart.js": {"path":"D:\\Documents\\GitHub\\CRUD_Epood\\backend\\src\\models\\Cart.js","statementMap":{"0":{"start":{"line":6,"column":20},"end":{"line":11,"column":2}},"1":{"start":{"line":13,"column":0},"end":{"line":13,"column":51}},"2":{"start":{"line":14,"column":0},"end":{"line":14,"column":51}}},"fnMap":{},"branchMap":{},"s":{"0":0,"1":0,"2":0},"f":{},"b":{},"inputSourceMap":null}
,"D:\\Documents\\GitHub\\CRUD_Epood\\backend\\src\\models\\CartItem.js": {"path":"D:\\Documents\\GitHub\\CRUD_Epood\\backend\\src\\models\\CartItem.js","statementMap":{"0":{"start":{"line":4,"column":24},"end":{"line":13,"column":2}}},"fnMap":{},"branchMap":{},"s":{"0":0},"f":{},"b":{},"inputSourceMap":null}
,"D:\\Documents\\GitHub\\CRUD_Epood\\backend\\src\\models\\Category.js": {"path":"D:\\Documents\\GitHub\\CRUD_Epood\\backend\\src\\models\\Category.js","statementMap":{"0":{"start":{"line":5,"column":24},"end":{"line":7,"column":2}}},"fnMap":{},"branchMap":{},"s":{"0":0},"f":{},"b":{},"inputSourceMap":null}
,"D:\\Documents\\GitHub\\CRUD_Epood\\backend\\src\\models\\Product.js": {"path":"D:\\Documents\\GitHub\\CRUD_Epood\\backend\\src\\models\\Product.js","statementMap":{"0":{"start":{"line":5,"column":23},"end":{"line":12,"column":2}},"1":{"start":{"line":15,"column":0},"end":{"line":15,"column":56}},"2":{"start":{"line":16,"column":0},"end":{"line":16,"column":58}}},"fnMap":{},"branchMap":{},"s":{"0":0,"1":0,"2":0},"f":{},"b":{},"inputSourceMap":null}
,"D:\\Documents\\GitHub\\CRUD_Epood\\backend\\src\\repositories\\cartRepository.js": {"path":"D:\\Documents\\GitHub\\CRUD_Epood\\backend\\src\\repositories\\cartRepository.js","statementMap":{"0":{"start":{"line":8,"column":8},"end":{"line":8,"column":35}},"1":{"start":{"line":13,"column":8},"end":{"line":18,"column":11}},"2":{"start":{"line":23,"column":21},"end":{"line":23,"column":48}},"3":{"start":{"line":24,"column":8},"end":{"line":24,"column":53}},"4":{"start":{"line":24,"column":19},"end":{"line":24,"column":53}},"5":{"start":{"line":26,"column":24},"end":{"line":26,"column":57}},"6":{"start":{"line":27,"column":8},"end":{"line":27,"column":59}},"7":{"start":{"line":27,"column":22},"end":{"line":27,"column":59}},"8":{"start":{"line":29,"column":19},"end":{"line":31,"column":10}},"9":{"start":{"line":33,"column":8},"end":{"line":49,"column":9}},"10":{"start":{"line":35,"column":12},"end":{"line":35,"column":38}},"11":{"start":{"line":36,"column":12},"end":{"line":36,"column":30}},"12":{"start":{"line":37,"column":12},"end":{"line":37,"column":24}},"13":{"start":{"line":40,"column":28},"end":{"line":40,"column":61}},"14":{"start":{"line":41,"column":12},"end":{"line":41,"column":63}},"15":{"start":{"line":41,"column":26},"end":{"line":41,"column":63}},"16":{"start":{"line":43,"column":12},"end":{"line":48,"column":15}},"17":{"start":{"line":54,"column":8},"end":{"line":57,"column":10}},"18":{"start":{"line":62,"column":8},"end":{"line":64,"column":11}}},"fnMap":{"0":{"name":"(anonymous_0)","decl":{"start":{"line":7,"column":4},"end":{"line":7,"column":5}},"loc":{"start":{"line":7,"column":19},"end":{"line":9,"column":5}},"line":7},"1":{"name":"(anonymous_1)","decl":{"start":{"line":12,"column":4},"end":{"line":12,"column":5}},"loc":{"start":{"line":12,"column":23},"end":{"line":19,"column":5}},"line":12},"2":{"name":"(anonymous_2)","decl":{"start":{"line":22,"column":4},"end":{"line":22,"column":5}},"loc":{"start":{"line":22,"column":54},"end":{"line":50,"column":5}},"line":22},"3":{"name":"(anonymous_3)","decl":{"start":{"line":53,"column":4},"end":{"line":53,"column":5}},"loc":{"start":{"line":53,"column":54},"end":{"line":58,"column":5}},"line":53},"4":{"name":"(anonymous_4)","decl":{"start":{"line":61,"column":4},"end":{"line":61,"column":5}},"loc":{"start":{"line":61,"column":43},"end":{"line":65,"column":5}},"line":61}},"branchMap":{"0":{"loc":{"start":{"line":22,"column":40},"end":{"line":22,"column":52}},"type":"default-arg","locations":[{"start":{"line":22,"column":51},"end":{"line":22,"column":52}}],"line":22},"1":{"loc":{"start":{"line":24,"column":8},"end":{"line":24,"column":53}},"type":"if","locations":[{"start":{"line":24,"column":8},"end":{"line":24,"column":53}},{"start":{},"end":{}}],"line":24},"2":{"loc":{"start":{"line":27,"column":8},"end":{"line":27,"column":59}},"type":"if","locations":[{"start":{"line":27,"column":8},"end":{"line":27,"column":59}},{"start":{},"end":{}}],"line":27},"3":{"loc":{"start":{"line":33,"column":8},"end":{"line":49,"column":9}},"type":"if","locations":[{"start":{"line":33,"column":8},"end":{"line":49,"column":9}},{"start":{"line":38,"column":15},"end":{"line":49,"column":9}}],"line":33},"4":{"loc":{"start":{"line":41,"column":12},"end":{"line":41,"column":63}},"type":"if","locations":[{"start":{"line":41,"column":12},"end":{"line":41,"column":63}},{"start":{},"end":{}}],"line":41}},"s":{"0":0,"1":0,"2":0,"3":0,"4":0,"5":0,"6":0,"7":0,"8":0,"9":0,"10":0,"11":0,"12":0,"13":0,"14":0,"15":0,"16":0,"17":0,"18":0},"f":{"0":0,"1":0,"2":0,"3":0,"4":0},"b":{"0":[0],"1":[0,0],"2":[0,0],"3":[0,0],"4":[0,0]},"inputSourceMap":null}
,"D:\\Documents\\GitHub\\CRUD_Epood\\backend\\src\\repositories\\productRepository.js": {"path":"D:\\Documents\\GitHub\\CRUD_Epood\\backend\\src\\repositories\\productRepository.js","statementMap":{"0":{"start":{"line":7,"column":8},"end":{"line":7,"column":60}},"1":{"start":{"line":12,"column":8},"end":{"line":12,"column":42}},"2":{"start":{"line":17,"column":4},"end":{"line":17,"column":52}},"3":{"start":{"line":23,"column":4},"end":{"line":23,"column":52}}},"fnMap":{"0":{"name":"(anonymous_0)","decl":{"start":{"line":5,"column":4},"end":{"line":5,"column":5}},"loc":{"start":{"line":5,"column":20},"end":{"line":8,"column":5}},"line":5},"1":{"name":"(anonymous_1)","decl":{"start":{"line":11,"column":4},"end":{"line":11,"column":5}},"loc":{"start":{"line":11,"column":23},"end":{"line":13,"column":5}},"line":11},"2":{"name":"(anonymous_2)","decl":{"start":{"line":16,"column":4},"end":{"line":16,"column":5}},"loc":{"start":{"line":16,"column":21},"end":{"line":19,"column":5}},"line":16},"3":{"name":"(anonymous_3)","decl":{"start":{"line":22,"column":4},"end":{"line":22,"column":5}},"loc":{"start":{"line":22,"column":23},"end":{"line":25,"column":1}},"line":22}},"branchMap":{},"s":{"0":0,"1":0,"2":0,"3":0},"f":{"0":0,"1":0,"2":0,"3":0},"b":{},"inputSourceMap":null}
,"D:\\Documents\\GitHub\\CRUD_Epood\\backend\\src\\routes\\cartRoutes.js": {"path":"D:\\Documents\\GitHub\\CRUD_Epood\\backend\\src\\routes\\cartRoutes.js","statementMap":{"0":{"start":{"line":5,"column":15},"end":{"line":5,"column":31}},"1":{"start":{"line":8,"column":0},"end":{"line":8,"column":28}},"2":{"start":{"line":9,"column":0},"end":{"line":9,"column":29}},"3":{"start":{"line":10,"column":0},"end":{"line":10,"column":47}},"4":{"start":{"line":11,"column":0},"end":{"line":11,"column":43}},"5":{"start":{"line":12,"column":0},"end":{"line":12,"column":62}},"6":{"start":{"line":13,"column":0},"end":{"line":13,"column":69}}},"fnMap":{},"branchMap":{},"s":{"0":0,"1":0,"2":0,"3":0,"4":0,"5":0,"6":0},"f":{},"b":{},"inputSourceMap":null}
,"D:\\Documents\\GitHub\\CRUD_Epood\\backend\\src\\routes\\productRoutes.js": {"path":"D:\\Documents\\GitHub\\CRUD_Epood\\backend\\src\\routes\\productRoutes.js","statementMap":{"0":{"start":{"line":5,"column":15},"end":{"line":5,"column":31}},"1":{"start":{"line":8,"column":0},"end":{"line":8,"column":29}},"2":{"start":{"line":9,"column":0},"end":{"line":9,"column":32}},"3":{"start":{"line":10,"column":0},"end":{"line":10,"column":37}}},"fnMap":{},"branchMap":{},"s":{"0":0,"1":0,"2":0,"3":0},"f":{},"b":{},"inputSourceMap":null}
,"D:\\Documents\\GitHub\\CRUD_Epood\\backend\\src\\services\\cartService.js": {"path":"D:\\Documents\\GitHub\\CRUD_Epood\\backend\\src\\services\\cartService.js","statementMap":{"0":{"start":{"line":4,"column":26},"end":{"line":6,"column":1}},"1":{"start":{"line":5,"column":4},"end":{"line":5,"column":41}},"2":{"start":{"line":8,"column":23},"end":{"line":26,"column":1}},"3":{"start":{"line":9,"column":4},"end":{"line":11,"column":5}},"4":{"start":{"line":10,"column":8},"end":{"line":10,"column":55}},"5":{"start":{"line":13,"column":17},"end":{"line":13,"column":50}},"6":{"start":{"line":15,"column":4},"end":{"line":17,"column":5}},"7":{"start":{"line":16,"column":8},"end":{"line":16,"column":20}},"8":{"start":{"line":20,"column":21},"end":{"line":20,"column":67}},"9":{"start":{"line":20,"column":44},"end":{"line":20,"column":66}},"10":{"start":{"line":22,"column":4},"end":{"line":25,"column":6}},"11":{"start":{"line":28,"column":26},"end":{"line":49,"column":1}},"12":{"start":{"line":29,"column":4},"end":{"line":29,"column":64}},"13":{"start":{"line":29,"column":17},"end":{"line":29,"column":64}},"14":{"start":{"line":30,"column":4},"end":{"line":30,"column":60}},"15":{"start":{"line":30,"column":20},"end":{"line":30,"column":60}},"16":{"start":{"line":31,"column":4},"end":{"line":31,"column":72}},"17":{"start":{"line":31,"column":23},"end":{"line":31,"column":72}},"18":{"start":{"line":34,"column":20},"end":{"line":34,"column":63}},"19":{"start":{"line":35,"column":4},"end":{"line":35,"column":53}},"20":{"start":{"line":35,"column":18},"end":{"line":35,"column":53}},"21":{"start":{"line":38,"column":4},"end":{"line":38,"column":65}},"22":{"start":{"line":41,"column":17},"end":{"line":41,"column":54}},"23":{"start":{"line":43,"column":21},"end":{"line":43,"column":67}},"24":{"start":{"line":43,"column":44},"end":{"line":43,"column":66}},"25":{"start":{"line":45,"column":4},"end":{"line":48,"column":6}}},"fnMap":{"0":{"name":"(anonymous_0)","decl":{"start":{"line":4,"column":26},"end":{"line":4,"column":27}},"loc":{"start":{"line":4,"column":38},"end":{"line":6,"column":1}},"line":4},"1":{"name":"(anonymous_1)","decl":{"start":{"line":8,"column":23},"end":{"line":8,"column":24}},"loc":{"start":{"line":8,"column":37},"end":{"line":26,"column":1}},"line":8},"2":{"name":"(anonymous_2)","decl":{"start":{"line":20,"column":39},"end":{"line":20,"column":40}},"loc":{"start":{"line":20,"column":44},"end":{"line":20,"column":66}},"line":20},"3":{"name":"(anonymous_3)","decl":{"start":{"line":28,"column":26},"end":{"line":28,"column":27}},"loc":{"start":{"line":28,"column":69},"end":{"line":49,"column":1}},"line":28},"4":{"name":"(anonymous_4)","decl":{"start":{"line":43,"column":39},"end":{"line":43,"column":40}},"loc":{"start":{"line":43,"column":44},"end":{"line":43,"column":66}},"line":43}},"branchMap":{"0":{"loc":{"start":{"line":9,"column":4},"end":{"line":11,"column":5}},"type":"if","locations":[{"start":{"line":9,"column":4},"end":{"line":11,"column":5}},{"start":{},"end":{}}],"line":9},"1":{"loc":{"start":{"line":15,"column":4},"end":{"line":17,"column":5}},"type":"if","locations":[{"start":{"line":15,"column":4},"end":{"line":17,"column":5}},{"start":{},"end":{}}],"line":15},"2":{"loc":{"start":{"line":28,"column":52},"end":{"line":28,"column":64}},"type":"default-arg","locations":[{"start":{"line":28,"column":63},"end":{"line":28,"column":64}}],"line":28},"3":{"loc":{"start":{"line":29,"column":4},"end":{"line":29,"column":64}},"type":"if","locations":[{"start":{"line":29,"column":4},"end":{"line":29,"column":64}},{"start":{},"end":{}}],"line":29},"4":{"loc":{"start":{"line":30,"column":4},"end":{"line":30,"column":60}},"type":"if","locations":[{"start":{"line":30,"column":4},"end":{"line":30,"column":60}},{"start":{},"end":{}}],"line":30},"5":{"loc":{"start":{"line":31,"column":4},"end":{"line":31,"column":72}},"type":"if","locations":[{"start":{"line":31,"column":4},"end":{"line":31,"column":72}},{"start":{},"end":{}}],"line":31},"6":{"loc":{"start":{"line":35,"column":4},"end":{"line":35,"column":53}},"type":"if","locations":[{"start":{"line":35,"column":4},"end":{"line":35,"column":53}},{"start":{},"end":{}}],"line":35}},"s":{"0":1,"1":1,"2":1,"3":5,"4":3,"5":2,"6":2,"7":1,"8":1,"9":1,"10":1,"11":1,"12":9,"13":2,"14":7,"15":2,"16":5,"17":2,"18":3,"19":3,"20":1,"21":2,"22":2,"23":2,"24":2,"25":2},"f":{"0":1,"1":5,"2":1,"3":9,"4":2},"b":{"0":[3,2],"1":[1,1],"2":[1],"3":[2,7],"4":[2,5],"5":[2,3],"6":[1,2]},"inputSourceMap":null,"_coverageSchema":"1a1c01bbd47fc00a2c39e90264f33305004495a9","hash":"6498b0eb4c327e1388a85e6b4bb35a63af32afcc"}
,"D:\\Documents\\GitHub\\CRUD_Epood\\backend\\src\\services\\productService.js": {"path":"D:\\Documents\\GitHub\\CRUD_Epood\\backend\\src\\services\\productService.js","statementMap":{"0":{"start":{"line":3,"column":30},"end":{"line":15,"column":1}},"1":{"start":{"line":4,"column":21},"end":{"line":4,"column":54}},"2":{"start":{"line":7,"column":4},"end":{"line":14,"column":7}},"3":{"start":{"line":8,"column":24},"end":{"line":8,"column":46}},"4":{"start":{"line":9,"column":8},"end":{"line":13,"column":10}},"5":{"start":{"line":16,"column":29},"end":{"line":21,"column":1}},"6":{"start":{"line":17,"column":4},"end":{"line":19,"column":5}},"7":{"start":{"line":18,"column":8},"end":{"line":18,"column":74}},"8":{"start":{"line":20,"column":4},"end":{"line":20,"column":48}},"9":{"start":{"line":22,"column":29},"end":{"line":24,"column":1}},"10":{"start":{"line":23,"column":4},"end":{"line":23,"column":46}}},"fnMap":{"0":{"name":"(anonymous_0)","decl":{"start":{"line":3,"column":30},"end":{"line":3,"column":31}},"loc":{"start":{"line":3,"column":42},"end":{"line":15,"column":1}},"line":3},"1":{"name":"(anonymous_1)","decl":{"start":{"line":7,"column":24},"end":{"line":7,"column":25}},"loc":{"start":{"line":7,"column":29},"end":{"line":14,"column":5}},"line":7},"2":{"name":"(anonymous_2)","decl":{"start":{"line":16,"column":29},"end":{"line":16,"column":30}},"loc":{"start":{"line":16,"column":45},"end":{"line":21,"column":1}},"line":16},"3":{"name":"(anonymous_3)","decl":{"start":{"line":22,"column":29},"end":{"line":22,"column":30}},"loc":{"start":{"line":22,"column":43},"end":{"line":24,"column":1}},"line":22}},"branchMap":{"0":{"loc":{"start":{"line":11,"column":20},"end":{"line":11,"column":61}},"type":"cond-expr","locations":[{"start":{"line":11,"column":41},"end":{"line":11,"column":50}},{"start":{"line":11,"column":53},"end":{"line":11,"column":61}}],"line":11},"1":{"loc":{"start":{"line":17,"column":4},"end":{"line":19,"column":5}},"type":"if","locations":[{"start":{"line":17,"column":4},"end":{"line":19,"column":5}},{"start":{},"end":{}}],"line":17},"2":{"loc":{"start":{"line":17,"column":8},"end":{"line":17,"column":52}},"type":"binary-expr","locations":[{"start":{"line":17,"column":8},"end":{"line":17,"column":18}},{"start":{"line":17,"column":22},"end":{"line":17,"column":33}},{"start":{"line":17,"column":37},"end":{"line":17,"column":52}}],"line":17}},"s":{"0":1,"1":2,"2":2,"3":2,"4":2,"5":1,"6":5,"7":4,"8":1,"9":1,"10":2},"f":{"0":2,"1":2,"2":5,"3":2},"b":{"0":[1,1],"1":[4,1],"2":[5,4,2]},"inputSourceMap":null,"_coverageSchema":"1a1c01bbd47fc00a2c39e90264f33305004495a9","hash":"f0dc52a35a6646959ac360401bfaadb682b7868a"}
}
